<?xml version="1.0" encoding="UTF-8"?>
<testng-results total="2" passed="2" failed="0" skipped="0">
  <reporter-output>
  </reporter-output>
  <suite started-at="2022-05-10T09:10:08Z" name="Default suite" finished-at="2022-05-10T09:11:01Z" duration-ms="53106">
    <groups>
      <group name="cucumber">
        <method signature="AbstractTestNGCucumberTests.runScenario(io.cucumber.testng.PickleWrapper, io.cucumber.testng.FeatureWrapper)[pri:0, instance:bdd.RunnerTest@451001e5]" name="runScenario" class="io.cucumber.testng.AbstractTestNGCucumberTests"/>
      </group> <!-- cucumber -->
    </groups>
    <test started-at="2022-05-10T09:10:08Z" name="Default test" finished-at="2022-05-10T09:11:01Z" duration-ms="53106">
      <class name="bdd.RunnerTest">
        <test-method is-config="true" signature="driverStart(java.lang.String)[pri:0, instance:bdd.RunnerTest@451001e5]" started-at="2022-05-10T11:09:56Z" name="driverStart" finished-at="2022-05-10T11:10:08Z" duration-ms="12664" status="PASS">
          <params>
            <param index="0">
              <value>
                <![CDATA[chrome]]>
              </value>
            </param>
          </params>
          <reporter-output>
          </reporter-output>
        </test-method> <!-- driverStart -->
        <test-method is-config="true" signature="setUpClass(org.testng.ITestContext)[pri:0, instance:bdd.RunnerTest@451001e5]" started-at="2022-05-10T11:10:08Z" name="setUpClass" finished-at="2022-05-10T11:10:09Z" duration-ms="1170" status="PASS">
          <params>
            <param index="0">
              <value>
                <![CDATA[org.testng.TestRunner@286090c]]>
              </value>
            </param>
          </params>
          <reporter-output>
          </reporter-output>
        </test-method> <!-- setUpClass -->
        <test-method signature="runScenario(io.cucumber.testng.PickleWrapper, io.cucumber.testng.FeatureWrapper)[pri:0, instance:bdd.RunnerTest@451001e5]" started-at="2022-05-10T11:10:10Z" name="runScenario" description="Runs Cucumber Scenarios" data-provider="scenarios" finished-at="2022-05-10T11:10:55Z" duration-ms="45708" status="PASS">
          <params>
            <param index="0">
              <value>
                <![CDATA["user registeration"]]>
              </value>
            </param>
            <param index="1">
              <value>
                <![CDATA["user registeration"]]>
              </value>
            </param>
          </params>
          <reporter-output>
          </reporter-output>
        </test-method> <!-- runScenario -->
        <test-method signature="runScenario(io.cucumber.testng.PickleWrapper, io.cucumber.testng.FeatureWrapper)[pri:0, instance:bdd.RunnerTest@451001e5]" started-at="2022-05-10T11:10:55Z" name="runScenario" description="Runs Cucumber Scenarios" data-provider="scenarios" finished-at="2022-05-10T11:11:01Z" duration-ms="5946" status="PASS">
          <params>
            <param index="0">
              <value>
                <![CDATA["user registeration"]]>
              </value>
            </param>
            <param index="1">
              <value>
                <![CDATA["user registeration"]]>
              </value>
            </param>
          </params>
          <reporter-output>
          </reporter-output>
        </test-method> <!-- runScenario -->
        <test-method is-config="true" signature="tearDownClass()[pri:0, instance:bdd.RunnerTest@451001e5]" started-at="2022-05-10T11:11:01Z" name="tearDownClass" finished-at="2022-05-10T11:11:01Z" duration-ms="172" status="PASS">
          <reporter-output>
          </reporter-output>
        </test-method> <!-- tearDownClass -->
        <test-method is-config="true" signature="driverEnd()[pri:0, instance:bdd.RunnerTest@451001e5]" started-at="2022-05-10T11:11:02Z" name="driverEnd" finished-at="2022-05-10T11:11:04Z" duration-ms="2757" status="PASS">
          <reporter-output>
          </reporter-output>
        </test-method> <!-- driverEnd -->
      </class> <!-- bdd.RunnerTest -->
    </test> <!-- Default test -->
  </suite> <!-- Default suite -->
</testng-results>
