<?xml version="1.0" encoding="UTF-8"?>
<testng-results total="2" passed="2" failed="0" skipped="0">
  <reporter-output>
  </reporter-output>
  <suite started-at="2022-05-10T13:39:20Z" name="Default suite" finished-at="2022-05-10T13:39:28Z" duration-ms="7886">
    <groups>
      <group name="cucumber">
        <method signature="AbstractTestNGCucumberTests.runScenario(io.cucumber.testng.PickleWrapper, io.cucumber.testng.FeatureWrapper)[pri:0, instance:bdd.RunnerTest@451001e5]" name="runScenario" class="io.cucumber.testng.AbstractTestNGCucumberTests"/>
      </group> <!-- cucumber -->
    </groups>
    <test started-at="2022-05-10T13:39:20Z" name="Default test" finished-at="2022-05-10T13:39:28Z" duration-ms="7886">
      <class name="bdd.RunnerTest">
        <test-method is-config="true" signature="driverStart(java.lang.String)[pri:0, instance:bdd.RunnerTest@451001e5]" started-at="2022-05-10T15:39:15Z" name="driverStart" finished-at="2022-05-10T15:39:20Z" duration-ms="5606" status="PASS">
          <params>
            <param index="0">
              <value>
                <![CDATA[chrome]]>
              </value>
            </param>
          </params>
          <reporter-output>
          </reporter-output>
        </test-method> <!-- driverStart -->
        <test-method is-config="true" signature="setUpClass(org.testng.ITestContext)[pri:0, instance:bdd.RunnerTest@451001e5]" started-at="2022-05-10T15:39:20Z" name="setUpClass" finished-at="2022-05-10T15:39:21Z" duration-ms="631" status="PASS">
          <params>
            <param index="0">
              <value>
                <![CDATA[org.testng.TestRunner@286090c]]>
              </value>
            </param>
          </params>
          <reporter-output>
          </reporter-output>
        </test-method> <!-- setUpClass -->
        <test-method signature="runScenario(io.cucumber.testng.PickleWrapper, io.cucumber.testng.FeatureWrapper)[pri:0, instance:bdd.RunnerTest@451001e5]" started-at="2022-05-10T15:39:21Z" name="runScenario" description="Runs Cucumber Scenarios" data-provider="scenarios" finished-at="2022-05-10T15:39:25Z" duration-ms="3635" status="PASS">
          <params>
            <param index="0">
              <value>
                <![CDATA["user registeration"]]>
              </value>
            </param>
            <param index="1">
              <value>
                <![CDATA["user registeration"]]>
              </value>
            </param>
          </params>
          <reporter-output>
          </reporter-output>
        </test-method> <!-- runScenario -->
        <test-method signature="runScenario(io.cucumber.testng.PickleWrapper, io.cucumber.testng.FeatureWrapper)[pri:0, instance:bdd.RunnerTest@451001e5]" started-at="2022-05-10T15:39:25Z" name="runScenario" description="Runs Cucumber Scenarios" data-provider="scenarios" finished-at="2022-05-10T15:39:28Z" duration-ms="3562" status="PASS">
          <params>
            <param index="0">
              <value>
                <![CDATA["user registeration"]]>
              </value>
            </param>
            <param index="1">
              <value>
                <![CDATA["user registeration"]]>
              </value>
            </param>
          </params>
          <reporter-output>
          </reporter-output>
        </test-method> <!-- runScenario -->
        <test-method is-config="true" signature="tearDownClass()[pri:0, instance:bdd.RunnerTest@451001e5]" started-at="2022-05-10T15:39:28Z" name="tearDownClass" finished-at="2022-05-10T15:39:28Z" duration-ms="37" status="PASS">
          <reporter-output>
          </reporter-output>
        </test-method> <!-- tearDownClass -->
        <test-method is-config="true" signature="driverEnd()[pri:0, instance:bdd.RunnerTest@451001e5]" started-at="2022-05-10T15:39:28Z" name="driverEnd" finished-at="2022-05-10T15:39:28Z" duration-ms="224" status="PASS">
          <reporter-output>
          </reporter-output>
        </test-method> <!-- driverEnd -->
      </class> <!-- bdd.RunnerTest -->
    </test> <!-- Default test -->
  </suite> <!-- Default suite -->
</testng-results>
