<?xml version="1.0" encoding="UTF-8"?>
<!-- Generated by org.testng.reporters.JUnitXMLReporter -->
<testsuite hostname="IT-026655-MNN" failures="0" tests="3" name="regression test" time="7.832" errors="0" timestamp="30 Apr 2022 13:35:31 GMT">
  <testcase classname="tests.RegistrationTest" name="registrationSuccessfuly" time="4.362"/>
  <testcase classname="tests.RegistrationTest" name="logout" time="1.202"/>
  <testcase classname="tests.RegistrationTest" name="userLogin" time="2.24"/>
</testsuite> <!-- regression test -->
